Determining if the pthread_create exist failed with the following output:
Change Dir: /mnt/hdd/home/jonas/Documents/Doutorado/Documents/Benchmark/Code/fbksd/fbksd-package/denoisers/LWR/build/CMakeFiles/CMakeTmp

Run Build Command:"/usr/bin/make" "cmTC_4613e/fast"
/usr/bin/make -f CMakeFiles/cmTC_4613e.dir/build.make CMakeFiles/cmTC_4613e.dir/build
make[1]: Entering directory '/mnt/hdd/home/jonas/Documents/Doutorado/Documents/Benchmark/Code/fbksd/fbksd-package/denoisers/LWR/build/CMakeFiles/CMakeTmp'
Building C object CMakeFiles/cmTC_4613e.dir/CheckSymbolExists.c.o
/usr/bin/cc    -o CMakeFiles/cmTC_4613e.dir/CheckSymbolExists.c.o   -c /mnt/hdd/home/jonas/Documents/Doutorado/Documents/Benchmark/Code/fbksd/fbksd-package/denoisers/LWR/build/CMakeFiles/CMakeTmp/CheckSymbolExists.c
Linking C executable cmTC_4613e
/usr/bin/cmake -E cmake_link_script CMakeFiles/cmTC_4613e.dir/link.txt --verbose=1
/usr/bin/cc      -rdynamic CMakeFiles/cmTC_4613e.dir/CheckSymbolExists.c.o  -o cmTC_4613e 
CMakeFiles/cmTC_4613e.dir/CheckSymbolExists.c.o: In function `main':
CheckSymbolExists.c:(.text+0x1b): undefined reference to `pthread_create'
collect2: error: ld returned 1 exit status
CMakeFiles/cmTC_4613e.dir/build.make:97: recipe for target 'cmTC_4613e' failed
make[1]: *** [cmTC_4613e] Error 1
make[1]: Leaving directory '/mnt/hdd/home/jonas/Documents/Doutorado/Documents/Benchmark/Code/fbksd/fbksd-package/denoisers/LWR/build/CMakeFiles/CMakeTmp'
Makefile:126: recipe for target 'cmTC_4613e/fast' failed
make: *** [cmTC_4613e/fast] Error 2

File /mnt/hdd/home/jonas/Documents/Doutorado/Documents/Benchmark/Code/fbksd/fbksd-package/denoisers/LWR/build/CMakeFiles/CMakeTmp/CheckSymbolExists.c:
/* */
#include <pthread.h>

int main(int argc, char** argv)
{
  (void)argv;
#ifndef pthread_create
  return ((int*)(&pthread_create))[argc];
#else
  (void)argc;
  return 0;
#endif
}

Determining if the function pthread_create exists in the pthreads failed with the following output:
Change Dir: /mnt/hdd/home/jonas/Documents/Doutorado/Documents/Benchmark/Code/fbksd/fbksd-package/denoisers/LWR/build/CMakeFiles/CMakeTmp

Run Build Command:"/usr/bin/make" "cmTC_16e8d/fast"
/usr/bin/make -f CMakeFiles/cmTC_16e8d.dir/build.make CMakeFiles/cmTC_16e8d.dir/build
make[1]: Entering directory '/mnt/hdd/home/jonas/Documents/Doutorado/Documents/Benchmark/Code/fbksd/fbksd-package/denoisers/LWR/build/CMakeFiles/CMakeTmp'
Building C object CMakeFiles/cmTC_16e8d.dir/CheckFunctionExists.c.o
/usr/bin/cc   -DCHECK_FUNCTION_EXISTS=pthread_create   -o CMakeFiles/cmTC_16e8d.dir/CheckFunctionExists.c.o   -c /usr/share/cmake-3.10/Modules/CheckFunctionExists.c
Linking C executable cmTC_16e8d
/usr/bin/cmake -E cmake_link_script CMakeFiles/cmTC_16e8d.dir/link.txt --verbose=1
/usr/bin/cc  -DCHECK_FUNCTION_EXISTS=pthread_create    -rdynamic CMakeFiles/cmTC_16e8d.dir/CheckFunctionExists.c.o  -o cmTC_16e8d -lpthreads 
/usr/bin/ld: cannot find -lpthreads
collect2: error: ld returned 1 exit status
CMakeFiles/cmTC_16e8d.dir/build.make:97: recipe for target 'cmTC_16e8d' failed
make[1]: *** [cmTC_16e8d] Error 1
make[1]: Leaving directory '/mnt/hdd/home/jonas/Documents/Doutorado/Documents/Benchmark/Code/fbksd/fbksd-package/denoisers/LWR/build/CMakeFiles/CMakeTmp'
Makefile:126: recipe for target 'cmTC_16e8d/fast' failed
make: *** [cmTC_16e8d/fast] Error 2


Determining if the pthread_create exist failed with the following output:
Change Dir: /mnt/hdd/home/jonas/Documents/Doutorado/Documents/Benchmark/Code/fbksd/fbksd-package/denoisers/LWR/build/CMakeFiles/CMakeTmp

Run Build Command:"/usr/bin/make" "cmTC_5288d/fast"
/usr/bin/make -f CMakeFiles/cmTC_5288d.dir/build.make CMakeFiles/cmTC_5288d.dir/build
make[1]: Entering directory '/mnt/hdd/home/jonas/Documents/Doutorado/Documents/Benchmark/Code/fbksd/fbksd-package/denoisers/LWR/build/CMakeFiles/CMakeTmp'
Building C object CMakeFiles/cmTC_5288d.dir/CheckSymbolExists.c.o
/usr/bin/cc    -o CMakeFiles/cmTC_5288d.dir/CheckSymbolExists.c.o   -c /mnt/hdd/home/jonas/Documents/Doutorado/Documents/Benchmark/Code/fbksd/fbksd-package/denoisers/LWR/build/CMakeFiles/CMakeTmp/CheckSymbolExists.c
Linking C executable cmTC_5288d
/usr/bin/cmake -E cmake_link_script CMakeFiles/cmTC_5288d.dir/link.txt --verbose=1
/usr/bin/cc      -rdynamic CMakeFiles/cmTC_5288d.dir/CheckSymbolExists.c.o  -o cmTC_5288d 
CMakeFiles/cmTC_5288d.dir/CheckSymbolExists.c.o: In function `main':
CheckSymbolExists.c:(.text+0x1b): undefined reference to `pthread_create'
collect2: error: ld returned 1 exit status
CMakeFiles/cmTC_5288d.dir/build.make:97: recipe for target 'cmTC_5288d' failed
make[1]: *** [cmTC_5288d] Error 1
make[1]: Leaving directory '/mnt/hdd/home/jonas/Documents/Doutorado/Documents/Benchmark/Code/fbksd/fbksd-package/denoisers/LWR/build/CMakeFiles/CMakeTmp'
Makefile:126: recipe for target 'cmTC_5288d/fast' failed
make: *** [cmTC_5288d/fast] Error 2

File /mnt/hdd/home/jonas/Documents/Doutorado/Documents/Benchmark/Code/fbksd/fbksd-package/denoisers/LWR/build/CMakeFiles/CMakeTmp/CheckSymbolExists.c:
/* */
#include <pthread.h>

int main(int argc, char** argv)
{
  (void)argv;
#ifndef pthread_create
  return ((int*)(&pthread_create))[argc];
#else
  (void)argc;
  return 0;
#endif
}

Determining if the function pthread_create exists in the pthreads failed with the following output:
Change Dir: /mnt/hdd/home/jonas/Documents/Doutorado/Documents/Benchmark/Code/fbksd/fbksd-package/denoisers/LWR/build/CMakeFiles/CMakeTmp

Run Build Command:"/usr/bin/make" "cmTC_0c77b/fast"
/usr/bin/make -f CMakeFiles/cmTC_0c77b.dir/build.make CMakeFiles/cmTC_0c77b.dir/build
make[1]: Entering directory '/mnt/hdd/home/jonas/Documents/Doutorado/Documents/Benchmark/Code/fbksd/fbksd-package/denoisers/LWR/build/CMakeFiles/CMakeTmp'
Building C object CMakeFiles/cmTC_0c77b.dir/CheckFunctionExists.c.o
/usr/bin/cc   -DCHECK_FUNCTION_EXISTS=pthread_create   -o CMakeFiles/cmTC_0c77b.dir/CheckFunctionExists.c.o   -c /usr/share/cmake-3.10/Modules/CheckFunctionExists.c
Linking C executable cmTC_0c77b
/usr/bin/cmake -E cmake_link_script CMakeFiles/cmTC_0c77b.dir/link.txt --verbose=1
/usr/bin/cc  -DCHECK_FUNCTION_EXISTS=pthread_create    -rdynamic CMakeFiles/cmTC_0c77b.dir/CheckFunctionExists.c.o  -o cmTC_0c77b -lpthreads 
/usr/bin/ld: cannot find -lpthreads
collect2: error: ld returned 1 exit status
CMakeFiles/cmTC_0c77b.dir/build.make:97: recipe for target 'cmTC_0c77b' failed
make[1]: *** [cmTC_0c77b] Error 1
make[1]: Leaving directory '/mnt/hdd/home/jonas/Documents/Doutorado/Documents/Benchmark/Code/fbksd/fbksd-package/denoisers/LWR/build/CMakeFiles/CMakeTmp'
Makefile:126: recipe for target 'cmTC_0c77b/fast' failed
make: *** [cmTC_0c77b/fast] Error 2


Determining if the pthread_create exist failed with the following output:
Change Dir: /mnt/hdd/home/jonas/Documents/Doutorado/Documents/Benchmark/Code/fbksd/fbksd-package/denoisers/LWR/build/CMakeFiles/CMakeTmp

Run Build Command:"/usr/bin/make" "cmTC_4411e/fast"
/usr/bin/make -f CMakeFiles/cmTC_4411e.dir/build.make CMakeFiles/cmTC_4411e.dir/build
make[1]: Entering directory '/mnt/hdd/home/jonas/Documents/Doutorado/Documents/Benchmark/Code/fbksd/fbksd-package/denoisers/LWR/build/CMakeFiles/CMakeTmp'
Building C object CMakeFiles/cmTC_4411e.dir/CheckSymbolExists.c.o
/usr/bin/cc    -o CMakeFiles/cmTC_4411e.dir/CheckSymbolExists.c.o   -c /mnt/hdd/home/jonas/Documents/Doutorado/Documents/Benchmark/Code/fbksd/fbksd-package/denoisers/LWR/build/CMakeFiles/CMakeTmp/CheckSymbolExists.c
Linking C executable cmTC_4411e
/usr/bin/cmake -E cmake_link_script CMakeFiles/cmTC_4411e.dir/link.txt --verbose=1
/usr/bin/cc      -rdynamic CMakeFiles/cmTC_4411e.dir/CheckSymbolExists.c.o  -o cmTC_4411e 
CMakeFiles/cmTC_4411e.dir/CheckSymbolExists.c.o: In function `main':
CheckSymbolExists.c:(.text+0x1b): undefined reference to `pthread_create'
collect2: error: ld returned 1 exit status
CMakeFiles/cmTC_4411e.dir/build.make:97: recipe for target 'cmTC_4411e' failed
make[1]: *** [cmTC_4411e] Error 1
make[1]: Leaving directory '/mnt/hdd/home/jonas/Documents/Doutorado/Documents/Benchmark/Code/fbksd/fbksd-package/denoisers/LWR/build/CMakeFiles/CMakeTmp'
Makefile:126: recipe for target 'cmTC_4411e/fast' failed
make: *** [cmTC_4411e/fast] Error 2

File /mnt/hdd/home/jonas/Documents/Doutorado/Documents/Benchmark/Code/fbksd/fbksd-package/denoisers/LWR/build/CMakeFiles/CMakeTmp/CheckSymbolExists.c:
/* */
#include <pthread.h>

int main(int argc, char** argv)
{
  (void)argv;
#ifndef pthread_create
  return ((int*)(&pthread_create))[argc];
#else
  (void)argc;
  return 0;
#endif
}

Determining if the function pthread_create exists in the pthreads failed with the following output:
Change Dir: /mnt/hdd/home/jonas/Documents/Doutorado/Documents/Benchmark/Code/fbksd/fbksd-package/denoisers/LWR/build/CMakeFiles/CMakeTmp

Run Build Command:"/usr/bin/make" "cmTC_a120b/fast"
/usr/bin/make -f CMakeFiles/cmTC_a120b.dir/build.make CMakeFiles/cmTC_a120b.dir/build
make[1]: Entering directory '/mnt/hdd/home/jonas/Documents/Doutorado/Documents/Benchmark/Code/fbksd/fbksd-package/denoisers/LWR/build/CMakeFiles/CMakeTmp'
Building C object CMakeFiles/cmTC_a120b.dir/CheckFunctionExists.c.o
/usr/bin/cc   -DCHECK_FUNCTION_EXISTS=pthread_create   -o CMakeFiles/cmTC_a120b.dir/CheckFunctionExists.c.o   -c /usr/share/cmake-3.10/Modules/CheckFunctionExists.c
Linking C executable cmTC_a120b
/usr/bin/cmake -E cmake_link_script CMakeFiles/cmTC_a120b.dir/link.txt --verbose=1
/usr/bin/cc  -DCHECK_FUNCTION_EXISTS=pthread_create    -rdynamic CMakeFiles/cmTC_a120b.dir/CheckFunctionExists.c.o  -o cmTC_a120b -lpthreads 
/usr/bin/ld: cannot find -lpthreads
collect2: error: ld returned 1 exit status
CMakeFiles/cmTC_a120b.dir/build.make:97: recipe for target 'cmTC_a120b' failed
make[1]: *** [cmTC_a120b] Error 1
make[1]: Leaving directory '/mnt/hdd/home/jonas/Documents/Doutorado/Documents/Benchmark/Code/fbksd/fbksd-package/denoisers/LWR/build/CMakeFiles/CMakeTmp'
Makefile:126: recipe for target 'cmTC_a120b/fast' failed
make: *** [cmTC_a120b/fast] Error 2


Determining if the pthread_create exist failed with the following output:
Change Dir: /mnt/hdd/home/jonas/Documents/Doutorado/Documents/Benchmark/Code/fbksd/fbksd-package/denoisers/LWR/build/CMakeFiles/CMakeTmp

Run Build Command:"/usr/bin/make" "cmTC_454e2/fast"
/usr/bin/make -f CMakeFiles/cmTC_454e2.dir/build.make CMakeFiles/cmTC_454e2.dir/build
make[1]: Entering directory '/mnt/hdd/home/jonas/Documents/Doutorado/Documents/Benchmark/Code/fbksd/fbksd-package/denoisers/LWR/build/CMakeFiles/CMakeTmp'
Building C object CMakeFiles/cmTC_454e2.dir/CheckSymbolExists.c.o
/usr/bin/cc    -o CMakeFiles/cmTC_454e2.dir/CheckSymbolExists.c.o   -c /mnt/hdd/home/jonas/Documents/Doutorado/Documents/Benchmark/Code/fbksd/fbksd-package/denoisers/LWR/build/CMakeFiles/CMakeTmp/CheckSymbolExists.c
Linking C executable cmTC_454e2
/usr/bin/cmake -E cmake_link_script CMakeFiles/cmTC_454e2.dir/link.txt --verbose=1
/usr/bin/cc      -rdynamic CMakeFiles/cmTC_454e2.dir/CheckSymbolExists.c.o  -o cmTC_454e2 
CMakeFiles/cmTC_454e2.dir/CheckSymbolExists.c.o: In function `main':
CheckSymbolExists.c:(.text+0x1b): undefined reference to `pthread_create'
collect2: error: ld returned 1 exit status
CMakeFiles/cmTC_454e2.dir/build.make:97: recipe for target 'cmTC_454e2' failed
make[1]: *** [cmTC_454e2] Error 1
make[1]: Leaving directory '/mnt/hdd/home/jonas/Documents/Doutorado/Documents/Benchmark/Code/fbksd/fbksd-package/denoisers/LWR/build/CMakeFiles/CMakeTmp'
Makefile:126: recipe for target 'cmTC_454e2/fast' failed
make: *** [cmTC_454e2/fast] Error 2

File /mnt/hdd/home/jonas/Documents/Doutorado/Documents/Benchmark/Code/fbksd/fbksd-package/denoisers/LWR/build/CMakeFiles/CMakeTmp/CheckSymbolExists.c:
/* */
#include <pthread.h>

int main(int argc, char** argv)
{
  (void)argv;
#ifndef pthread_create
  return ((int*)(&pthread_create))[argc];
#else
  (void)argc;
  return 0;
#endif
}

Determining if the function pthread_create exists in the pthreads failed with the following output:
Change Dir: /mnt/hdd/home/jonas/Documents/Doutorado/Documents/Benchmark/Code/fbksd/fbksd-package/denoisers/LWR/build/CMakeFiles/CMakeTmp

Run Build Command:"/usr/bin/make" "cmTC_1ee73/fast"
/usr/bin/make -f CMakeFiles/cmTC_1ee73.dir/build.make CMakeFiles/cmTC_1ee73.dir/build
make[1]: Entering directory '/mnt/hdd/home/jonas/Documents/Doutorado/Documents/Benchmark/Code/fbksd/fbksd-package/denoisers/LWR/build/CMakeFiles/CMakeTmp'
Building C object CMakeFiles/cmTC_1ee73.dir/CheckFunctionExists.c.o
/usr/bin/cc   -DCHECK_FUNCTION_EXISTS=pthread_create   -o CMakeFiles/cmTC_1ee73.dir/CheckFunctionExists.c.o   -c /usr/share/cmake-3.10/Modules/CheckFunctionExists.c
Linking C executable cmTC_1ee73
/usr/bin/cmake -E cmake_link_script CMakeFiles/cmTC_1ee73.dir/link.txt --verbose=1
/usr/bin/cc  -DCHECK_FUNCTION_EXISTS=pthread_create    -rdynamic CMakeFiles/cmTC_1ee73.dir/CheckFunctionExists.c.o  -o cmTC_1ee73 -lpthreads 
/usr/bin/ld: cannot find -lpthreads
collect2: error: ld returned 1 exit status
CMakeFiles/cmTC_1ee73.dir/build.make:97: recipe for target 'cmTC_1ee73' failed
make[1]: *** [cmTC_1ee73] Error 1
make[1]: Leaving directory '/mnt/hdd/home/jonas/Documents/Doutorado/Documents/Benchmark/Code/fbksd/fbksd-package/denoisers/LWR/build/CMakeFiles/CMakeTmp'
Makefile:126: recipe for target 'cmTC_1ee73/fast' failed
make: *** [cmTC_1ee73/fast] Error 2


Determining if the pthread_create exist failed with the following output:
Change Dir: /mnt/hdd/home/jonas/Documents/Doutorado/Documents/Benchmark/Code/fbksd/fbksd-package/denoisers/LWR/build/CMakeFiles/CMakeTmp

Run Build Command:"/usr/bin/make" "cmTC_b4296/fast"
/usr/bin/make -f CMakeFiles/cmTC_b4296.dir/build.make CMakeFiles/cmTC_b4296.dir/build
make[1]: Entering directory '/mnt/hdd/home/jonas/Documents/Doutorado/Documents/Benchmark/Code/fbksd/fbksd-package/denoisers/LWR/build/CMakeFiles/CMakeTmp'
Building C object CMakeFiles/cmTC_b4296.dir/CheckSymbolExists.c.o
/usr/bin/gcc-6    -o CMakeFiles/cmTC_b4296.dir/CheckSymbolExists.c.o   -c /mnt/hdd/home/jonas/Documents/Doutorado/Documents/Benchmark/Code/fbksd/fbksd-package/denoisers/LWR/build/CMakeFiles/CMakeTmp/CheckSymbolExists.c
Linking C executable cmTC_b4296
/usr/bin/cmake -E cmake_link_script CMakeFiles/cmTC_b4296.dir/link.txt --verbose=1
/usr/bin/gcc-6      -rdynamic CMakeFiles/cmTC_b4296.dir/CheckSymbolExists.c.o  -o cmTC_b4296 
CMakeFiles/cmTC_b4296.dir/CheckSymbolExists.c.o: In function `main':
CheckSymbolExists.c:(.text+0x1b): undefined reference to `pthread_create'
collect2: error: ld returned 1 exit status
CMakeFiles/cmTC_b4296.dir/build.make:97: recipe for target 'cmTC_b4296' failed
make[1]: *** [cmTC_b4296] Error 1
make[1]: Leaving directory '/mnt/hdd/home/jonas/Documents/Doutorado/Documents/Benchmark/Code/fbksd/fbksd-package/denoisers/LWR/build/CMakeFiles/CMakeTmp'
Makefile:126: recipe for target 'cmTC_b4296/fast' failed
make: *** [cmTC_b4296/fast] Error 2

File /mnt/hdd/home/jonas/Documents/Doutorado/Documents/Benchmark/Code/fbksd/fbksd-package/denoisers/LWR/build/CMakeFiles/CMakeTmp/CheckSymbolExists.c:
/* */
#include <pthread.h>

int main(int argc, char** argv)
{
  (void)argv;
#ifndef pthread_create
  return ((int*)(&pthread_create))[argc];
#else
  (void)argc;
  return 0;
#endif
}

Determining if the function pthread_create exists in the pthreads failed with the following output:
Change Dir: /mnt/hdd/home/jonas/Documents/Doutorado/Documents/Benchmark/Code/fbksd/fbksd-package/denoisers/LWR/build/CMakeFiles/CMakeTmp

Run Build Command:"/usr/bin/make" "cmTC_939b1/fast"
/usr/bin/make -f CMakeFiles/cmTC_939b1.dir/build.make CMakeFiles/cmTC_939b1.dir/build
make[1]: Entering directory '/mnt/hdd/home/jonas/Documents/Doutorado/Documents/Benchmark/Code/fbksd/fbksd-package/denoisers/LWR/build/CMakeFiles/CMakeTmp'
Building C object CMakeFiles/cmTC_939b1.dir/CheckFunctionExists.c.o
/usr/bin/gcc-6   -DCHECK_FUNCTION_EXISTS=pthread_create   -o CMakeFiles/cmTC_939b1.dir/CheckFunctionExists.c.o   -c /usr/share/cmake-3.10/Modules/CheckFunctionExists.c
Linking C executable cmTC_939b1
/usr/bin/cmake -E cmake_link_script CMakeFiles/cmTC_939b1.dir/link.txt --verbose=1
/usr/bin/gcc-6  -DCHECK_FUNCTION_EXISTS=pthread_create    -rdynamic CMakeFiles/cmTC_939b1.dir/CheckFunctionExists.c.o  -o cmTC_939b1 -lpthreads 
/usr/bin/x86_64-linux-gnu-ld: cannot find -lpthreads
collect2: error: ld returned 1 exit status
CMakeFiles/cmTC_939b1.dir/build.make:97: recipe for target 'cmTC_939b1' failed
make[1]: *** [cmTC_939b1] Error 1
make[1]: Leaving directory '/mnt/hdd/home/jonas/Documents/Doutorado/Documents/Benchmark/Code/fbksd/fbksd-package/denoisers/LWR/build/CMakeFiles/CMakeTmp'
Makefile:126: recipe for target 'cmTC_939b1/fast' failed
make: *** [cmTC_939b1/fast] Error 2


Determining if the pthread_create exist failed with the following output:
Change Dir: /mnt/hdd/home/jonas/Documents/Doutorado/Documents/Benchmark/Code/fbksd/fbksd-package/denoisers/LWR/build/CMakeFiles/CMakeTmp

Run Build Command:"/usr/bin/make" "cmTC_8fa6e/fast"
/usr/bin/make -f CMakeFiles/cmTC_8fa6e.dir/build.make CMakeFiles/cmTC_8fa6e.dir/build
make[1]: Entering directory '/mnt/hdd/home/jonas/Documents/Doutorado/Documents/Benchmark/Code/fbksd/fbksd-package/denoisers/LWR/build/CMakeFiles/CMakeTmp'
Building C object CMakeFiles/cmTC_8fa6e.dir/CheckSymbolExists.c.o
/usr/bin/cc    -o CMakeFiles/cmTC_8fa6e.dir/CheckSymbolExists.c.o   -c /mnt/hdd/home/jonas/Documents/Doutorado/Documents/Benchmark/Code/fbksd/fbksd-package/denoisers/LWR/build/CMakeFiles/CMakeTmp/CheckSymbolExists.c
Linking C executable cmTC_8fa6e
/usr/bin/cmake -E cmake_link_script CMakeFiles/cmTC_8fa6e.dir/link.txt --verbose=1
/usr/bin/cc      -rdynamic CMakeFiles/cmTC_8fa6e.dir/CheckSymbolExists.c.o  -o cmTC_8fa6e 
CMakeFiles/cmTC_8fa6e.dir/CheckSymbolExists.c.o: In function `main':
CheckSymbolExists.c:(.text+0x1b): undefined reference to `pthread_create'
collect2: error: ld returned 1 exit status
CMakeFiles/cmTC_8fa6e.dir/build.make:97: recipe for target 'cmTC_8fa6e' failed
make[1]: *** [cmTC_8fa6e] Error 1
make[1]: Leaving directory '/mnt/hdd/home/jonas/Documents/Doutorado/Documents/Benchmark/Code/fbksd/fbksd-package/denoisers/LWR/build/CMakeFiles/CMakeTmp'
Makefile:126: recipe for target 'cmTC_8fa6e/fast' failed
make: *** [cmTC_8fa6e/fast] Error 2

File /mnt/hdd/home/jonas/Documents/Doutorado/Documents/Benchmark/Code/fbksd/fbksd-package/denoisers/LWR/build/CMakeFiles/CMakeTmp/CheckSymbolExists.c:
/* */
#include <pthread.h>

int main(int argc, char** argv)
{
  (void)argv;
#ifndef pthread_create
  return ((int*)(&pthread_create))[argc];
#else
  (void)argc;
  return 0;
#endif
}

Determining if the function pthread_create exists in the pthreads failed with the following output:
Change Dir: /mnt/hdd/home/jonas/Documents/Doutorado/Documents/Benchmark/Code/fbksd/fbksd-package/denoisers/LWR/build/CMakeFiles/CMakeTmp

Run Build Command:"/usr/bin/make" "cmTC_48942/fast"
/usr/bin/make -f CMakeFiles/cmTC_48942.dir/build.make CMakeFiles/cmTC_48942.dir/build
make[1]: Entering directory '/mnt/hdd/home/jonas/Documents/Doutorado/Documents/Benchmark/Code/fbksd/fbksd-package/denoisers/LWR/build/CMakeFiles/CMakeTmp'
Building C object CMakeFiles/cmTC_48942.dir/CheckFunctionExists.c.o
/usr/bin/cc   -DCHECK_FUNCTION_EXISTS=pthread_create   -o CMakeFiles/cmTC_48942.dir/CheckFunctionExists.c.o   -c /usr/share/cmake-3.10/Modules/CheckFunctionExists.c
Linking C executable cmTC_48942
/usr/bin/cmake -E cmake_link_script CMakeFiles/cmTC_48942.dir/link.txt --verbose=1
/usr/bin/cc  -DCHECK_FUNCTION_EXISTS=pthread_create    -rdynamic CMakeFiles/cmTC_48942.dir/CheckFunctionExists.c.o  -o cmTC_48942 -lpthreads 
/usr/bin/ld: cannot find -lpthreads
collect2: error: ld returned 1 exit status
CMakeFiles/cmTC_48942.dir/build.make:97: recipe for target 'cmTC_48942' failed
make[1]: *** [cmTC_48942] Error 1
make[1]: Leaving directory '/mnt/hdd/home/jonas/Documents/Doutorado/Documents/Benchmark/Code/fbksd/fbksd-package/denoisers/LWR/build/CMakeFiles/CMakeTmp'
Makefile:126: recipe for target 'cmTC_48942/fast' failed
make: *** [cmTC_48942/fast] Error 2


Determining if the pthread_create exist failed with the following output:
Change Dir: /mnt/hdd/home/jonas/Documents/Doutorado/Documents/Benchmark/Code/fbksd/fbksd-package/denoisers/LWR/build/CMakeFiles/CMakeTmp

Run Build Command:"/usr/bin/make" "cmTC_c288d/fast"
/usr/bin/make -f CMakeFiles/cmTC_c288d.dir/build.make CMakeFiles/cmTC_c288d.dir/build
make[1]: Entering directory '/mnt/hdd/home/jonas/Documents/Doutorado/Documents/Benchmark/Code/fbksd/fbksd-package/denoisers/LWR/build/CMakeFiles/CMakeTmp'
Building C object CMakeFiles/cmTC_c288d.dir/CheckSymbolExists.c.o
/usr/bin/cc    -o CMakeFiles/cmTC_c288d.dir/CheckSymbolExists.c.o   -c /mnt/hdd/home/jonas/Documents/Doutorado/Documents/Benchmark/Code/fbksd/fbksd-package/denoisers/LWR/build/CMakeFiles/CMakeTmp/CheckSymbolExists.c
Linking C executable cmTC_c288d
/usr/bin/cmake -E cmake_link_script CMakeFiles/cmTC_c288d.dir/link.txt --verbose=1
/usr/bin/cc      -rdynamic CMakeFiles/cmTC_c288d.dir/CheckSymbolExists.c.o  -o cmTC_c288d 
CMakeFiles/cmTC_c288d.dir/CheckSymbolExists.c.o: In function `main':
CheckSymbolExists.c:(.text+0x1b): undefined reference to `pthread_create'
collect2: error: ld returned 1 exit status
CMakeFiles/cmTC_c288d.dir/build.make:97: recipe for target 'cmTC_c288d' failed
make[1]: *** [cmTC_c288d] Error 1
make[1]: Leaving directory '/mnt/hdd/home/jonas/Documents/Doutorado/Documents/Benchmark/Code/fbksd/fbksd-package/denoisers/LWR/build/CMakeFiles/CMakeTmp'
Makefile:126: recipe for target 'cmTC_c288d/fast' failed
make: *** [cmTC_c288d/fast] Error 2

File /mnt/hdd/home/jonas/Documents/Doutorado/Documents/Benchmark/Code/fbksd/fbksd-package/denoisers/LWR/build/CMakeFiles/CMakeTmp/CheckSymbolExists.c:
/* */
#include <pthread.h>

int main(int argc, char** argv)
{
  (void)argv;
#ifndef pthread_create
  return ((int*)(&pthread_create))[argc];
#else
  (void)argc;
  return 0;
#endif
}

Determining if the function pthread_create exists in the pthreads failed with the following output:
Change Dir: /mnt/hdd/home/jonas/Documents/Doutorado/Documents/Benchmark/Code/fbksd/fbksd-package/denoisers/LWR/build/CMakeFiles/CMakeTmp

Run Build Command:"/usr/bin/make" "cmTC_42362/fast"
/usr/bin/make -f CMakeFiles/cmTC_42362.dir/build.make CMakeFiles/cmTC_42362.dir/build
make[1]: Entering directory '/mnt/hdd/home/jonas/Documents/Doutorado/Documents/Benchmark/Code/fbksd/fbksd-package/denoisers/LWR/build/CMakeFiles/CMakeTmp'
Building C object CMakeFiles/cmTC_42362.dir/CheckFunctionExists.c.o
/usr/bin/cc   -DCHECK_FUNCTION_EXISTS=pthread_create   -o CMakeFiles/cmTC_42362.dir/CheckFunctionExists.c.o   -c /usr/share/cmake-3.10/Modules/CheckFunctionExists.c
Linking C executable cmTC_42362
/usr/bin/cmake -E cmake_link_script CMakeFiles/cmTC_42362.dir/link.txt --verbose=1
/usr/bin/cc  -DCHECK_FUNCTION_EXISTS=pthread_create    -rdynamic CMakeFiles/cmTC_42362.dir/CheckFunctionExists.c.o  -o cmTC_42362 -lpthreads 
/usr/bin/ld: cannot find -lpthreads
collect2: error: ld returned 1 exit status
CMakeFiles/cmTC_42362.dir/build.make:97: recipe for target 'cmTC_42362' failed
make[1]: *** [cmTC_42362] Error 1
make[1]: Leaving directory '/mnt/hdd/home/jonas/Documents/Doutorado/Documents/Benchmark/Code/fbksd/fbksd-package/denoisers/LWR/build/CMakeFiles/CMakeTmp'
Makefile:126: recipe for target 'cmTC_42362/fast' failed
make: *** [cmTC_42362/fast] Error 2


Determining if the pthread_create exist failed with the following output:
Change Dir: /mnt/hdd/home/jonas/Documents/Doutorado/Documents/Benchmark/Code/fbksd/fbksd-package/denoisers/LWR/build/CMakeFiles/CMakeTmp

Run Build Command:"/usr/bin/make" "cmTC_3793e/fast"
/usr/bin/make -f CMakeFiles/cmTC_3793e.dir/build.make CMakeFiles/cmTC_3793e.dir/build
make[1]: Entering directory '/mnt/hdd/home/jonas/Documents/Doutorado/Documents/Benchmark/Code/fbksd/fbksd-package/denoisers/LWR/build/CMakeFiles/CMakeTmp'
Building C object CMakeFiles/cmTC_3793e.dir/CheckSymbolExists.c.o
/usr/bin/cc    -o CMakeFiles/cmTC_3793e.dir/CheckSymbolExists.c.o   -c /mnt/hdd/home/jonas/Documents/Doutorado/Documents/Benchmark/Code/fbksd/fbksd-package/denoisers/LWR/build/CMakeFiles/CMakeTmp/CheckSymbolExists.c
Linking C executable cmTC_3793e
/usr/bin/cmake -E cmake_link_script CMakeFiles/cmTC_3793e.dir/link.txt --verbose=1
/usr/bin/cc      -rdynamic CMakeFiles/cmTC_3793e.dir/CheckSymbolExists.c.o  -o cmTC_3793e 
CMakeFiles/cmTC_3793e.dir/CheckSymbolExists.c.o: In function `main':
CheckSymbolExists.c:(.text+0x1b): undefined reference to `pthread_create'
collect2: error: ld returned 1 exit status
CMakeFiles/cmTC_3793e.dir/build.make:97: recipe for target 'cmTC_3793e' failed
make[1]: *** [cmTC_3793e] Error 1
make[1]: Leaving directory '/mnt/hdd/home/jonas/Documents/Doutorado/Documents/Benchmark/Code/fbksd/fbksd-package/denoisers/LWR/build/CMakeFiles/CMakeTmp'
Makefile:126: recipe for target 'cmTC_3793e/fast' failed
make: *** [cmTC_3793e/fast] Error 2

File /mnt/hdd/home/jonas/Documents/Doutorado/Documents/Benchmark/Code/fbksd/fbksd-package/denoisers/LWR/build/CMakeFiles/CMakeTmp/CheckSymbolExists.c:
/* */
#include <pthread.h>

int main(int argc, char** argv)
{
  (void)argv;
#ifndef pthread_create
  return ((int*)(&pthread_create))[argc];
#else
  (void)argc;
  return 0;
#endif
}

Determining if the function pthread_create exists in the pthreads failed with the following output:
Change Dir: /mnt/hdd/home/jonas/Documents/Doutorado/Documents/Benchmark/Code/fbksd/fbksd-package/denoisers/LWR/build/CMakeFiles/CMakeTmp

Run Build Command:"/usr/bin/make" "cmTC_cd102/fast"
/usr/bin/make -f CMakeFiles/cmTC_cd102.dir/build.make CMakeFiles/cmTC_cd102.dir/build
make[1]: Entering directory '/mnt/hdd/home/jonas/Documents/Doutorado/Documents/Benchmark/Code/fbksd/fbksd-package/denoisers/LWR/build/CMakeFiles/CMakeTmp'
Building C object CMakeFiles/cmTC_cd102.dir/CheckFunctionExists.c.o
/usr/bin/cc   -DCHECK_FUNCTION_EXISTS=pthread_create   -o CMakeFiles/cmTC_cd102.dir/CheckFunctionExists.c.o   -c /usr/share/cmake-3.10/Modules/CheckFunctionExists.c
Linking C executable cmTC_cd102
/usr/bin/cmake -E cmake_link_script CMakeFiles/cmTC_cd102.dir/link.txt --verbose=1
/usr/bin/cc  -DCHECK_FUNCTION_EXISTS=pthread_create    -rdynamic CMakeFiles/cmTC_cd102.dir/CheckFunctionExists.c.o  -o cmTC_cd102 -lpthreads 
/usr/bin/ld: cannot find -lpthreads
collect2: error: ld returned 1 exit status
CMakeFiles/cmTC_cd102.dir/build.make:97: recipe for target 'cmTC_cd102' failed
make[1]: *** [cmTC_cd102] Error 1
make[1]: Leaving directory '/mnt/hdd/home/jonas/Documents/Doutorado/Documents/Benchmark/Code/fbksd/fbksd-package/denoisers/LWR/build/CMakeFiles/CMakeTmp'
Makefile:126: recipe for target 'cmTC_cd102/fast' failed
make: *** [cmTC_cd102/fast] Error 2


Determining if the pthread_create exist failed with the following output:
Change Dir: /mnt/hdd/home/jonas/Documents/Doutorado/Documents/Benchmark/Code/fbksd/fbksd-package/denoisers/LWR/build/CMakeFiles/CMakeTmp

Run Build Command:"/usr/bin/make" "cmTC_a01c8/fast"
/usr/bin/make -f CMakeFiles/cmTC_a01c8.dir/build.make CMakeFiles/cmTC_a01c8.dir/build
make[1]: Entering directory '/mnt/hdd/home/jonas/Documents/Doutorado/Documents/Benchmark/Code/fbksd/fbksd-package/denoisers/LWR/build/CMakeFiles/CMakeTmp'
Building C object CMakeFiles/cmTC_a01c8.dir/CheckSymbolExists.c.o
/usr/bin/cc    -o CMakeFiles/cmTC_a01c8.dir/CheckSymbolExists.c.o   -c /mnt/hdd/home/jonas/Documents/Doutorado/Documents/Benchmark/Code/fbksd/fbksd-package/denoisers/LWR/build/CMakeFiles/CMakeTmp/CheckSymbolExists.c
Linking C executable cmTC_a01c8
/usr/bin/cmake -E cmake_link_script CMakeFiles/cmTC_a01c8.dir/link.txt --verbose=1
/usr/bin/cc      -rdynamic CMakeFiles/cmTC_a01c8.dir/CheckSymbolExists.c.o  -o cmTC_a01c8 
CMakeFiles/cmTC_a01c8.dir/CheckSymbolExists.c.o: In function `main':
CheckSymbolExists.c:(.text+0x1b): undefined reference to `pthread_create'
collect2: error: ld returned 1 exit status
CMakeFiles/cmTC_a01c8.dir/build.make:97: recipe for target 'cmTC_a01c8' failed
make[1]: *** [cmTC_a01c8] Error 1
make[1]: Leaving directory '/mnt/hdd/home/jonas/Documents/Doutorado/Documents/Benchmark/Code/fbksd/fbksd-package/denoisers/LWR/build/CMakeFiles/CMakeTmp'
Makefile:126: recipe for target 'cmTC_a01c8/fast' failed
make: *** [cmTC_a01c8/fast] Error 2

File /mnt/hdd/home/jonas/Documents/Doutorado/Documents/Benchmark/Code/fbksd/fbksd-package/denoisers/LWR/build/CMakeFiles/CMakeTmp/CheckSymbolExists.c:
/* */
#include <pthread.h>

int main(int argc, char** argv)
{
  (void)argv;
#ifndef pthread_create
  return ((int*)(&pthread_create))[argc];
#else
  (void)argc;
  return 0;
#endif
}

Determining if the function pthread_create exists in the pthreads failed with the following output:
Change Dir: /mnt/hdd/home/jonas/Documents/Doutorado/Documents/Benchmark/Code/fbksd/fbksd-package/denoisers/LWR/build/CMakeFiles/CMakeTmp

Run Build Command:"/usr/bin/make" "cmTC_9cd38/fast"
/usr/bin/make -f CMakeFiles/cmTC_9cd38.dir/build.make CMakeFiles/cmTC_9cd38.dir/build
make[1]: Entering directory '/mnt/hdd/home/jonas/Documents/Doutorado/Documents/Benchmark/Code/fbksd/fbksd-package/denoisers/LWR/build/CMakeFiles/CMakeTmp'
Building C object CMakeFiles/cmTC_9cd38.dir/CheckFunctionExists.c.o
/usr/bin/cc   -DCHECK_FUNCTION_EXISTS=pthread_create   -o CMakeFiles/cmTC_9cd38.dir/CheckFunctionExists.c.o   -c /usr/share/cmake-3.10/Modules/CheckFunctionExists.c
Linking C executable cmTC_9cd38
/usr/bin/cmake -E cmake_link_script CMakeFiles/cmTC_9cd38.dir/link.txt --verbose=1
/usr/bin/cc  -DCHECK_FUNCTION_EXISTS=pthread_create    -rdynamic CMakeFiles/cmTC_9cd38.dir/CheckFunctionExists.c.o  -o cmTC_9cd38 -lpthreads 
/usr/bin/ld: cannot find -lpthreads
collect2: error: ld returned 1 exit status
CMakeFiles/cmTC_9cd38.dir/build.make:97: recipe for target 'cmTC_9cd38' failed
make[1]: *** [cmTC_9cd38] Error 1
make[1]: Leaving directory '/mnt/hdd/home/jonas/Documents/Doutorado/Documents/Benchmark/Code/fbksd/fbksd-package/denoisers/LWR/build/CMakeFiles/CMakeTmp'
Makefile:126: recipe for target 'cmTC_9cd38/fast' failed
make: *** [cmTC_9cd38/fast] Error 2


Determining if the pthread_create exist failed with the following output:
Change Dir: /mnt/hdd/home/jonas/Documents/Doutorado/Documents/Benchmark/Code/fbksd/fbksd-package/denoisers/LWR/build/CMakeFiles/CMakeTmp

Run Build Command:"/usr/bin/make" "cmTC_08a87/fast"
/usr/bin/make -f CMakeFiles/cmTC_08a87.dir/build.make CMakeFiles/cmTC_08a87.dir/build
make[1]: Entering directory '/mnt/hdd/home/jonas/Documents/Doutorado/Documents/Benchmark/Code/fbksd/fbksd-package/denoisers/LWR/build/CMakeFiles/CMakeTmp'
Building C object CMakeFiles/cmTC_08a87.dir/CheckSymbolExists.c.o
/usr/bin/cc    -o CMakeFiles/cmTC_08a87.dir/CheckSymbolExists.c.o   -c /mnt/hdd/home/jonas/Documents/Doutorado/Documents/Benchmark/Code/fbksd/fbksd-package/denoisers/LWR/build/CMakeFiles/CMakeTmp/CheckSymbolExists.c
Linking C executable cmTC_08a87
/usr/bin/cmake -E cmake_link_script CMakeFiles/cmTC_08a87.dir/link.txt --verbose=1
/usr/bin/cc      -rdynamic CMakeFiles/cmTC_08a87.dir/CheckSymbolExists.c.o  -o cmTC_08a87 
CMakeFiles/cmTC_08a87.dir/CheckSymbolExists.c.o: In function `main':
CheckSymbolExists.c:(.text+0x1b): undefined reference to `pthread_create'
collect2: error: ld returned 1 exit status
CMakeFiles/cmTC_08a87.dir/build.make:97: recipe for target 'cmTC_08a87' failed
make[1]: *** [cmTC_08a87] Error 1
make[1]: Leaving directory '/mnt/hdd/home/jonas/Documents/Doutorado/Documents/Benchmark/Code/fbksd/fbksd-package/denoisers/LWR/build/CMakeFiles/CMakeTmp'
Makefile:126: recipe for target 'cmTC_08a87/fast' failed
make: *** [cmTC_08a87/fast] Error 2

File /mnt/hdd/home/jonas/Documents/Doutorado/Documents/Benchmark/Code/fbksd/fbksd-package/denoisers/LWR/build/CMakeFiles/CMakeTmp/CheckSymbolExists.c:
/* */
#include <pthread.h>

int main(int argc, char** argv)
{
  (void)argv;
#ifndef pthread_create
  return ((int*)(&pthread_create))[argc];
#else
  (void)argc;
  return 0;
#endif
}

Determining if the function pthread_create exists in the pthreads failed with the following output:
Change Dir: /mnt/hdd/home/jonas/Documents/Doutorado/Documents/Benchmark/Code/fbksd/fbksd-package/denoisers/LWR/build/CMakeFiles/CMakeTmp

Run Build Command:"/usr/bin/make" "cmTC_18558/fast"
/usr/bin/make -f CMakeFiles/cmTC_18558.dir/build.make CMakeFiles/cmTC_18558.dir/build
make[1]: Entering directory '/mnt/hdd/home/jonas/Documents/Doutorado/Documents/Benchmark/Code/fbksd/fbksd-package/denoisers/LWR/build/CMakeFiles/CMakeTmp'
Building C object CMakeFiles/cmTC_18558.dir/CheckFunctionExists.c.o
/usr/bin/cc   -DCHECK_FUNCTION_EXISTS=pthread_create   -o CMakeFiles/cmTC_18558.dir/CheckFunctionExists.c.o   -c /usr/share/cmake-3.10/Modules/CheckFunctionExists.c
Linking C executable cmTC_18558
/usr/bin/cmake -E cmake_link_script CMakeFiles/cmTC_18558.dir/link.txt --verbose=1
/usr/bin/cc  -DCHECK_FUNCTION_EXISTS=pthread_create    -rdynamic CMakeFiles/cmTC_18558.dir/CheckFunctionExists.c.o  -o cmTC_18558 -lpthreads 
/usr/bin/ld: cannot find -lpthreads
collect2: error: ld returned 1 exit status
CMakeFiles/cmTC_18558.dir/build.make:97: recipe for target 'cmTC_18558' failed
make[1]: *** [cmTC_18558] Error 1
make[1]: Leaving directory '/mnt/hdd/home/jonas/Documents/Doutorado/Documents/Benchmark/Code/fbksd/fbksd-package/denoisers/LWR/build/CMakeFiles/CMakeTmp'
Makefile:126: recipe for target 'cmTC_18558/fast' failed
make: *** [cmTC_18558/fast] Error 2


Determining if the pthread_create exist failed with the following output:
Change Dir: /mnt/hdd/home/jonas/Documents/Doutorado/Documents/Benchmark/Code/fbksd/fbksd-package/denoisers/LWR/build/CMakeFiles/CMakeTmp

Run Build Command:"/usr/bin/make" "cmTC_5f3a8/fast"
/usr/bin/make -f CMakeFiles/cmTC_5f3a8.dir/build.make CMakeFiles/cmTC_5f3a8.dir/build
make[1]: Entering directory '/mnt/hdd/home/jonas/Documents/Doutorado/Documents/Benchmark/Code/fbksd/fbksd-package/denoisers/LWR/build/CMakeFiles/CMakeTmp'
Building C object CMakeFiles/cmTC_5f3a8.dir/CheckSymbolExists.c.o
/usr/bin/gcc-6    -o CMakeFiles/cmTC_5f3a8.dir/CheckSymbolExists.c.o   -c /mnt/hdd/home/jonas/Documents/Doutorado/Documents/Benchmark/Code/fbksd/fbksd-package/denoisers/LWR/build/CMakeFiles/CMakeTmp/CheckSymbolExists.c
Linking C executable cmTC_5f3a8
/usr/bin/cmake -E cmake_link_script CMakeFiles/cmTC_5f3a8.dir/link.txt --verbose=1
/usr/bin/gcc-6      -rdynamic CMakeFiles/cmTC_5f3a8.dir/CheckSymbolExists.c.o  -o cmTC_5f3a8 
CMakeFiles/cmTC_5f3a8.dir/CheckSymbolExists.c.o: In function `main':
CheckSymbolExists.c:(.text+0x1b): undefined reference to `pthread_create'
collect2: error: ld returned 1 exit status
CMakeFiles/cmTC_5f3a8.dir/build.make:97: recipe for target 'cmTC_5f3a8' failed
make[1]: *** [cmTC_5f3a8] Error 1
make[1]: Leaving directory '/mnt/hdd/home/jonas/Documents/Doutorado/Documents/Benchmark/Code/fbksd/fbksd-package/denoisers/LWR/build/CMakeFiles/CMakeTmp'
Makefile:126: recipe for target 'cmTC_5f3a8/fast' failed
make: *** [cmTC_5f3a8/fast] Error 2

File /mnt/hdd/home/jonas/Documents/Doutorado/Documents/Benchmark/Code/fbksd/fbksd-package/denoisers/LWR/build/CMakeFiles/CMakeTmp/CheckSymbolExists.c:
/* */
#include <pthread.h>

int main(int argc, char** argv)
{
  (void)argv;
#ifndef pthread_create
  return ((int*)(&pthread_create))[argc];
#else
  (void)argc;
  return 0;
#endif
}

Determining if the function pthread_create exists in the pthreads failed with the following output:
Change Dir: /mnt/hdd/home/jonas/Documents/Doutorado/Documents/Benchmark/Code/fbksd/fbksd-package/denoisers/LWR/build/CMakeFiles/CMakeTmp

Run Build Command:"/usr/bin/make" "cmTC_c00b0/fast"
/usr/bin/make -f CMakeFiles/cmTC_c00b0.dir/build.make CMakeFiles/cmTC_c00b0.dir/build
make[1]: Entering directory '/mnt/hdd/home/jonas/Documents/Doutorado/Documents/Benchmark/Code/fbksd/fbksd-package/denoisers/LWR/build/CMakeFiles/CMakeTmp'
Building C object CMakeFiles/cmTC_c00b0.dir/CheckFunctionExists.c.o
/usr/bin/gcc-6   -DCHECK_FUNCTION_EXISTS=pthread_create   -o CMakeFiles/cmTC_c00b0.dir/CheckFunctionExists.c.o   -c /usr/share/cmake-3.10/Modules/CheckFunctionExists.c
Linking C executable cmTC_c00b0
/usr/bin/cmake -E cmake_link_script CMakeFiles/cmTC_c00b0.dir/link.txt --verbose=1
/usr/bin/gcc-6  -DCHECK_FUNCTION_EXISTS=pthread_create    -rdynamic CMakeFiles/cmTC_c00b0.dir/CheckFunctionExists.c.o  -o cmTC_c00b0 -lpthreads 
/usr/bin/x86_64-linux-gnu-ld: cannot find -lpthreads
collect2: error: ld returned 1 exit status
CMakeFiles/cmTC_c00b0.dir/build.make:97: recipe for target 'cmTC_c00b0' failed
make[1]: *** [cmTC_c00b0] Error 1
make[1]: Leaving directory '/mnt/hdd/home/jonas/Documents/Doutorado/Documents/Benchmark/Code/fbksd/fbksd-package/denoisers/LWR/build/CMakeFiles/CMakeTmp'
Makefile:126: recipe for target 'cmTC_c00b0/fast' failed
make: *** [cmTC_c00b0/fast] Error 2


Determining if the pthread_create exist failed with the following output:
Change Dir: /mnt/hdd/home/jonas/Documents/Doutorado/Documents/Benchmark/Code/fbksd/fbksd-package/denoisers/LWR/build/CMakeFiles/CMakeTmp

Run Build Command:"/usr/bin/make" "cmTC_ae20c/fast"
/usr/bin/make -f CMakeFiles/cmTC_ae20c.dir/build.make CMakeFiles/cmTC_ae20c.dir/build
make[1]: Entering directory '/mnt/hdd/home/jonas/Documents/Doutorado/Documents/Benchmark/Code/fbksd/fbksd-package/denoisers/LWR/build/CMakeFiles/CMakeTmp'
Building C object CMakeFiles/cmTC_ae20c.dir/CheckSymbolExists.c.o
/usr/bin/cc    -o CMakeFiles/cmTC_ae20c.dir/CheckSymbolExists.c.o   -c /mnt/hdd/home/jonas/Documents/Doutorado/Documents/Benchmark/Code/fbksd/fbksd-package/denoisers/LWR/build/CMakeFiles/CMakeTmp/CheckSymbolExists.c
Linking C executable cmTC_ae20c
/usr/bin/cmake -E cmake_link_script CMakeFiles/cmTC_ae20c.dir/link.txt --verbose=1
/usr/bin/cc      -rdynamic CMakeFiles/cmTC_ae20c.dir/CheckSymbolExists.c.o  -o cmTC_ae20c 
CMakeFiles/cmTC_ae20c.dir/CheckSymbolExists.c.o: In function `main':
CheckSymbolExists.c:(.text+0x1b): undefined reference to `pthread_create'
collect2: error: ld returned 1 exit status
CMakeFiles/cmTC_ae20c.dir/build.make:97: recipe for target 'cmTC_ae20c' failed
make[1]: *** [cmTC_ae20c] Error 1
make[1]: Leaving directory '/mnt/hdd/home/jonas/Documents/Doutorado/Documents/Benchmark/Code/fbksd/fbksd-package/denoisers/LWR/build/CMakeFiles/CMakeTmp'
Makefile:126: recipe for target 'cmTC_ae20c/fast' failed
make: *** [cmTC_ae20c/fast] Error 2

File /mnt/hdd/home/jonas/Documents/Doutorado/Documents/Benchmark/Code/fbksd/fbksd-package/denoisers/LWR/build/CMakeFiles/CMakeTmp/CheckSymbolExists.c:
/* */
#include <pthread.h>

int main(int argc, char** argv)
{
  (void)argv;
#ifndef pthread_create
  return ((int*)(&pthread_create))[argc];
#else
  (void)argc;
  return 0;
#endif
}

Determining if the function pthread_create exists in the pthreads failed with the following output:
Change Dir: /mnt/hdd/home/jonas/Documents/Doutorado/Documents/Benchmark/Code/fbksd/fbksd-package/denoisers/LWR/build/CMakeFiles/CMakeTmp

Run Build Command:"/usr/bin/make" "cmTC_a1734/fast"
/usr/bin/make -f CMakeFiles/cmTC_a1734.dir/build.make CMakeFiles/cmTC_a1734.dir/build
make[1]: Entering directory '/mnt/hdd/home/jonas/Documents/Doutorado/Documents/Benchmark/Code/fbksd/fbksd-package/denoisers/LWR/build/CMakeFiles/CMakeTmp'
Building C object CMakeFiles/cmTC_a1734.dir/CheckFunctionExists.c.o
/usr/bin/cc   -DCHECK_FUNCTION_EXISTS=pthread_create   -o CMakeFiles/cmTC_a1734.dir/CheckFunctionExists.c.o   -c /usr/share/cmake-3.10/Modules/CheckFunctionExists.c
Linking C executable cmTC_a1734
/usr/bin/cmake -E cmake_link_script CMakeFiles/cmTC_a1734.dir/link.txt --verbose=1
/usr/bin/cc  -DCHECK_FUNCTION_EXISTS=pthread_create    -rdynamic CMakeFiles/cmTC_a1734.dir/CheckFunctionExists.c.o  -o cmTC_a1734 -lpthreads 
/usr/bin/ld: cannot find -lpthreads
collect2: error: ld returned 1 exit status
CMakeFiles/cmTC_a1734.dir/build.make:97: recipe for target 'cmTC_a1734' failed
make[1]: *** [cmTC_a1734] Error 1
make[1]: Leaving directory '/mnt/hdd/home/jonas/Documents/Doutorado/Documents/Benchmark/Code/fbksd/fbksd-package/denoisers/LWR/build/CMakeFiles/CMakeTmp'
Makefile:126: recipe for target 'cmTC_a1734/fast' failed
make: *** [cmTC_a1734/fast] Error 2


Determining if the pthread_create exist failed with the following output:
Change Dir: /mnt/hdd/home/jonas/Documents/Doutorado/Documents/Benchmark/Code/fbksd/fbksd-package/denoisers/LWR/build/CMakeFiles/CMakeTmp

Run Build Command:"/usr/bin/make" "cmTC_81d41/fast"
/usr/bin/make -f CMakeFiles/cmTC_81d41.dir/build.make CMakeFiles/cmTC_81d41.dir/build
make[1]: Entering directory '/mnt/hdd/home/jonas/Documents/Doutorado/Documents/Benchmark/Code/fbksd/fbksd-package/denoisers/LWR/build/CMakeFiles/CMakeTmp'
Building C object CMakeFiles/cmTC_81d41.dir/CheckSymbolExists.c.o
/usr/bin/gcc-6    -o CMakeFiles/cmTC_81d41.dir/CheckSymbolExists.c.o   -c /mnt/hdd/home/jonas/Documents/Doutorado/Documents/Benchmark/Code/fbksd/fbksd-package/denoisers/LWR/build/CMakeFiles/CMakeTmp/CheckSymbolExists.c
Linking C executable cmTC_81d41
/usr/bin/cmake -E cmake_link_script CMakeFiles/cmTC_81d41.dir/link.txt --verbose=1
/usr/bin/gcc-6      -rdynamic CMakeFiles/cmTC_81d41.dir/CheckSymbolExists.c.o  -o cmTC_81d41 
CMakeFiles/cmTC_81d41.dir/CheckSymbolExists.c.o: In function `main':
CheckSymbolExists.c:(.text+0x1b): undefined reference to `pthread_create'
collect2: error: ld returned 1 exit status
CMakeFiles/cmTC_81d41.dir/build.make:97: recipe for target 'cmTC_81d41' failed
make[1]: *** [cmTC_81d41] Error 1
make[1]: Leaving directory '/mnt/hdd/home/jonas/Documents/Doutorado/Documents/Benchmark/Code/fbksd/fbksd-package/denoisers/LWR/build/CMakeFiles/CMakeTmp'
Makefile:126: recipe for target 'cmTC_81d41/fast' failed
make: *** [cmTC_81d41/fast] Error 2

File /mnt/hdd/home/jonas/Documents/Doutorado/Documents/Benchmark/Code/fbksd/fbksd-package/denoisers/LWR/build/CMakeFiles/CMakeTmp/CheckSymbolExists.c:
/* */
#include <pthread.h>

int main(int argc, char** argv)
{
  (void)argv;
#ifndef pthread_create
  return ((int*)(&pthread_create))[argc];
#else
  (void)argc;
  return 0;
#endif
}

Determining if the function pthread_create exists in the pthreads failed with the following output:
Change Dir: /mnt/hdd/home/jonas/Documents/Doutorado/Documents/Benchmark/Code/fbksd/fbksd-package/denoisers/LWR/build/CMakeFiles/CMakeTmp

Run Build Command:"/usr/bin/make" "cmTC_fee04/fast"
/usr/bin/make -f CMakeFiles/cmTC_fee04.dir/build.make CMakeFiles/cmTC_fee04.dir/build
make[1]: Entering directory '/mnt/hdd/home/jonas/Documents/Doutorado/Documents/Benchmark/Code/fbksd/fbksd-package/denoisers/LWR/build/CMakeFiles/CMakeTmp'
Building C object CMakeFiles/cmTC_fee04.dir/CheckFunctionExists.c.o
/usr/bin/gcc-6   -DCHECK_FUNCTION_EXISTS=pthread_create   -o CMakeFiles/cmTC_fee04.dir/CheckFunctionExists.c.o   -c /usr/share/cmake-3.10/Modules/CheckFunctionExists.c
Linking C executable cmTC_fee04
/usr/bin/cmake -E cmake_link_script CMakeFiles/cmTC_fee04.dir/link.txt --verbose=1
/usr/bin/gcc-6  -DCHECK_FUNCTION_EXISTS=pthread_create    -rdynamic CMakeFiles/cmTC_fee04.dir/CheckFunctionExists.c.o  -o cmTC_fee04 -lpthreads 
/usr/bin/x86_64-linux-gnu-ld: cannot find -lpthreads
collect2: error: ld returned 1 exit status
CMakeFiles/cmTC_fee04.dir/build.make:97: recipe for target 'cmTC_fee04' failed
make[1]: *** [cmTC_fee04] Error 1
make[1]: Leaving directory '/mnt/hdd/home/jonas/Documents/Doutorado/Documents/Benchmark/Code/fbksd/fbksd-package/denoisers/LWR/build/CMakeFiles/CMakeTmp'
Makefile:126: recipe for target 'cmTC_fee04/fast' failed
make: *** [cmTC_fee04/fast] Error 2


